* Starting client
* Connecting to master process on port 19894
* Analyzing classpath: 
  - /Users/Bardia/Documents/Amirkabir-University-of-Technology/Courses/CE431-ST/presentation/EvoExample/target/classes
  - /Library/Java/JavaVirtualMachines/temurin-8.jdk/Contents/Home/jre/lib/charsets.jar
  - /Library/Java/JavaVirtualMachines/temurin-8.jdk/Contents/Home/jre/lib/ext/cldrdata.jar
  - /Library/Java/JavaVirtualMachines/temurin-8.jdk/Contents/Home/jre/lib/ext/dnsns.jar
  - /Library/Java/JavaVirtualMachines/temurin-8.jdk/Contents/Home/jre/lib/ext/jaccess.jar
  - /Library/Java/JavaVirtualMachines/temurin-8.jdk/Contents/Home/jre/lib/ext/localedata.jar
  - /Library/Java/JavaVirtualMachines/temurin-8.jdk/Contents/Home/jre/lib/ext/nashorn.jar
  - /Library/Java/JavaVirtualMachines/temurin-8.jdk/Contents/Home/jre/lib/ext/sunec.jar
  - /Library/Java/JavaVirtualMachines/temurin-8.jdk/Contents/Home/jre/lib/ext/sunjce_provider.jar
  - /Library/Java/JavaVirtualMachines/temurin-8.jdk/Contents/Home/jre/lib/ext/sunpkcs11.jar
  - /Library/Java/JavaVirtualMachines/temurin-8.jdk/Contents/Home/jre/lib/ext/zipfs.jar
  - /Library/Java/JavaVirtualMachines/temurin-8.jdk/Contents/Home/jre/lib/jce.jar
  - /Library/Java/JavaVirtualMachines/temurin-8.jdk/Contents/Home/jre/lib/jfr.jar
  - /Library/Java/JavaVirtualMachines/temurin-8.jdk/Contents/Home/jre/lib/jsse.jar
  - /Library/Java/JavaVirtualMachines/temurin-8.jdk/Contents/Home/jre/lib/management-agent.jar
  - /Library/Java/JavaVirtualMachines/temurin-8.jdk/Contents/Home/jre/lib/resources.jar
  - /Library/Java/JavaVirtualMachines/temurin-8.jdk/Contents/Home/jre/lib/rt.jar
  - /Users/Bardia/Documents/Amirkabir-University-of-Technology/Courses/CE431-ST/presentation/EvoExample/target/test-classes
  - /Users/Bardia/Documents/Amirkabir-University-of-Technology/Courses/CE431-ST/presentation/EvoExample/target/classes
  - /Users/Bardia/.m2/repository/junit/junit/4.12/junit-4.12.jar
  - /Users/Bardia/.m2/repository/org/hamcrest/hamcrest-core/1.3/hamcrest-core-1.3.jar
* Finished analyzing classpath
* Generating tests for class Factorial
* Test criteria:
  - Line Coverage
  - Branch Coverage
  - Exception
  - Mutation testing (weak)
  - Method-Output Coverage
  - Top-Level Method Coverage
  - No-Exception Top-Level Method Coverage
  - Context Branch Coverage
* Setting up search algorithm for whole suite generation
* Loaded 7 tests from /Users/Bardia/Documents/Amirkabir-University-of-Technology/Courses/CE431-ST/presentation/EvoExample/.evosuite/evosuite-seeds/Factorial.seed
* Total number of test goals: 
  - Line 12
  - Branch 5
  - Exception 0
  - MutationFactory 42
  - Output 3
  - Method 3
  - MethodNoException 3
  - CBranchFitnessFactory 5
* Using seed 1684140103802
* Starting evolution
* Search finished after 86s and 0 generations, 1545 statements, best individual has fitness: 31.166666666666668
* Writing sequences to pool
* Minimizing test suite
[MASTER] 12:13:36.191 [pool-2-thread-1] WARN  TestSuiteMinimizer - Minimization timeout. Roll back to original test suite
[MASTER] 12:13:36.203 [pool-2-thread-1] WARN  TimeController - Phase MINIMIZATION lasted too long, 2 seconds more than allowed.
* Going to analyze the coverage criteria
* Coverage analysis for criterion LINE
* Coverage of criterion LINE: 58%
* Total number of goals: 12
* Number of covered goals: 7
* Coverage analysis for criterion BRANCH
* Coverage of criterion BRANCH: 60%
* Total number of goals: 5
* Number of covered goals: 3
* Coverage analysis for criterion EXCEPTION
* Coverage of criterion EXCEPTION: 100%
* Total number of goals: 2
* Number of covered goals: 2
* Coverage analysis for criterion WEAKMUTATION
* Coverage of criterion WEAKMUTATION: 55%
* Total number of goals: 42
* Number of covered goals: 23
* Coverage analysis for criterion OUTPUT
* Coverage of criterion OUTPUT: 100%
* Total number of goals: 3
* Number of covered goals: 3
* Coverage analysis for criterion METHOD
* Coverage of criterion METHOD: 100%
* Total number of goals: 3
* Number of covered goals: 3
* Coverage analysis for criterion METHODNOEXCEPTION
[MASTER] 12:13:36.269 [pool-2-thread-1] WARN  CoverageArchive - A solution with a timeout/exception result has been added to the archive. The covered goal was [METHODNOEX] Factorial.main([Ljava/lang/String;)V
* Coverage of criterion METHODNOEXCEPTION: 100%
* Total number of goals: 3
* Number of covered goals: 3
* Coverage analysis for criterion CBRANCH
* Coverage of criterion CBRANCH: 60%
* Total number of goals: 5
* Number of covered goals: 3
* Generated 6 tests with total length 133
* Resulting test suite's coverage: 75% (average coverage for all fitness functions)
* Generating assertions
[MASTER] 12:13:49.445 [pool-2-thread-1] WARN  SimpleMutationAssertionGenerator - Reached maximum time to generate assertions, aborting assertion generation
* Resulting test suite's mutation score: 2%
* Compiling and checking tests
* Writing JUnit test case 'Factorial_ESTest' to /Users/Bardia/Documents/Amirkabir-University-of-Technology/Courses/CE431-ST/presentation/EvoExample/.evosuite/tmp_2023_05_15_12_11_40/tests
* Done!

