* Starting client
* Connecting to master process on port 10586
* Analyzing classpath: 
  - /Users/Bardia/Documents/Amirkabir-University-of-Technology/Courses/CE431-ST/presentation/EvoExample/target/classes
  - /Library/Java/JavaVirtualMachines/temurin-8.jdk/Contents/Home/jre/lib/charsets.jar
  - /Library/Java/JavaVirtualMachines/temurin-8.jdk/Contents/Home/jre/lib/ext/cldrdata.jar
  - /Library/Java/JavaVirtualMachines/temurin-8.jdk/Contents/Home/jre/lib/ext/dnsns.jar
  - /Library/Java/JavaVirtualMachines/temurin-8.jdk/Contents/Home/jre/lib/ext/jaccess.jar
  - /Library/Java/JavaVirtualMachines/temurin-8.jdk/Contents/Home/jre/lib/ext/localedata.jar
  - /Library/Java/JavaVirtualMachines/temurin-8.jdk/Contents/Home/jre/lib/ext/nashorn.jar
  - /Library/Java/JavaVirtualMachines/temurin-8.jdk/Contents/Home/jre/lib/ext/sunec.jar
  - /Library/Java/JavaVirtualMachines/temurin-8.jdk/Contents/Home/jre/lib/ext/sunjce_provider.jar
  - /Library/Java/JavaVirtualMachines/temurin-8.jdk/Contents/Home/jre/lib/ext/sunpkcs11.jar
  - /Library/Java/JavaVirtualMachines/temurin-8.jdk/Contents/Home/jre/lib/ext/zipfs.jar
  - /Library/Java/JavaVirtualMachines/temurin-8.jdk/Contents/Home/jre/lib/jce.jar
  - /Library/Java/JavaVirtualMachines/temurin-8.jdk/Contents/Home/jre/lib/jfr.jar
  - /Library/Java/JavaVirtualMachines/temurin-8.jdk/Contents/Home/jre/lib/jsse.jar
  - /Library/Java/JavaVirtualMachines/temurin-8.jdk/Contents/Home/jre/lib/management-agent.jar
  - /Library/Java/JavaVirtualMachines/temurin-8.jdk/Contents/Home/jre/lib/resources.jar
  - /Library/Java/JavaVirtualMachines/temurin-8.jdk/Contents/Home/jre/lib/rt.jar
  - /Users/Bardia/Documents/Amirkabir-University-of-Technology/Courses/CE431-ST/presentation/EvoExample/target/test-classes
  - /Users/Bardia/Documents/Amirkabir-University-of-Technology/Courses/CE431-ST/presentation/EvoExample/target/classes
  - /Users/Bardia/.m2/repository/junit/junit/4.12/junit-4.12.jar
  - /Users/Bardia/.m2/repository/org/hamcrest/hamcrest-core/1.3/hamcrest-core-1.3.jar
* Finished analyzing classpath
* Generating tests for class EvenOrOdd
* Test criteria:
  - Line Coverage
  - Branch Coverage
  - Exception
  - Mutation testing (weak)
  - Method-Output Coverage
  - Top-Level Method Coverage
  - No-Exception Top-Level Method Coverage
  - Context Branch Coverage
* Setting up search algorithm for whole suite generation
[MASTER] 12:14:12.528 [pool-2-thread-1] WARN  TestSuiteSerialization - Cannot load tests because file does not exist: /Users/Bardia/Documents/Amirkabir-University-of-Technology/Courses/CE431-ST/presentation/EvoExample/.evosuite/evosuite-seeds/EvenOrOdd.seed
* Loaded 0 tests from /Users/Bardia/Documents/Amirkabir-University-of-Technology/Courses/CE431-ST/presentation/EvoExample/.evosuite/evosuite-seeds/EvenOrOdd.seed
* Total number of test goals: 
  - Line 9
  - Branch 4
  - Exception 0
  - MutationFactory 33
  - Output 3
  - Method 3
  - MethodNoException 3
  - CBranchFitnessFactory 4
* Using seed 1684140248552
* Starting evolution
* Search finished after 69s and 716 generations, 271487 statements, best individual has fitness: 3.0
* Writing sequences to pool
* Minimizing test suite
* Going to analyze the coverage criteria
* Coverage analysis for criterion LINE
* Coverage of criterion LINE: 100%
* Total number of goals: 9
* Number of covered goals: 9
* Coverage analysis for criterion BRANCH
* Coverage of criterion BRANCH: 100%
* Total number of goals: 4
* Number of covered goals: 4
* Coverage analysis for criterion EXCEPTION
* Coverage of criterion EXCEPTION: 100% (no goals)
* Coverage analysis for criterion WEAKMUTATION
* Coverage of criterion WEAKMUTATION: 100%
* Total number of goals: 33
* Number of covered goals: 33
* Coverage analysis for criterion OUTPUT
* Coverage of criterion OUTPUT: 33%
* Total number of goals: 3
* Number of covered goals: 1
* Coverage analysis for criterion METHOD
* Coverage of criterion METHOD: 100%
* Total number of goals: 3
* Number of covered goals: 3
* Coverage analysis for criterion METHODNOEXCEPTION
* Coverage of criterion METHODNOEXCEPTION: 100%
* Total number of goals: 3
* Number of covered goals: 3
* Coverage analysis for criterion CBRANCH
* Coverage of criterion CBRANCH: 100%
* Total number of goals: 4
* Number of covered goals: 4
* Generated 5 tests with total length 6
* Resulting test suite's coverage: 92% (average coverage for all fitness functions)
* Generating assertions
* Resulting test suite's mutation score: 48%
* Compiling and checking tests
* Writing JUnit test case 'EvenOrOdd_ESTest' to /Users/Bardia/Documents/Amirkabir-University-of-Technology/Courses/CE431-ST/presentation/EvoExample/.evosuite/tmp_2023_05_15_12_11_40/tests
* Done!

